[2022-01-18 20:21:58.810.7][FuncExt.php:130] MSG: FuncExt::getvalue: func begin type=request
[2022-01-18 20:21:58.811.186][AtherFrameWork.php:449] MSG: AtherFrameWork::new_interface: func begin method=php_interface ParamsName= param=php_parameter
[2022-01-18 20:21:58.811.391][InterFaces.php:217] MSG: Interfaces::get_interface: func begin 1interface=Company::getCompanyList
[2022-01-18 20:21:58.811.581][InterFaces.php:258] MSG: Interfaces::get_interface: func begin class=Company method=getCompanyList
[2022-01-18 20:21:58.812.071][Company.php:54] MSG: Company::getCompanyList: func begin
[2022-01-18 20:21:58.812.272][IMerchantsResult.DB.php:21] MSG: IMerchantsResult_DB::__construct: param is more than zero [DATABASE_NAME]=cloud [DATABASE_IP]=localhost [DATABASE_USER]=cloudadmin [DATABASE_PASSWORD]=Cloudadm@123 [DATABASE_CHARSET]=gbk
[2022-01-18 20:21:58.815.222][IMerchantsResult.DB.php:28] MSG: IMerchantsResult_DB::getCompanyDetail: func begin
[2022-01-18 20:21:58.817.693][IMerchantsResult.DB.php:37] MSG: IMerchantsResult_DB::getUserDetail: [actual cnt sql]=select count(*) as count from dtm_company [num]=2
[2022-01-18 20:21:58.817.978][IMerchantsResult.DB.php:50] MSG: IMerchantsResult_DB::getCompanyDetail: [sql]=select id, companyname, status,created_date from dtm_company  limit 0, 20
[2022-01-18 20:21:58.818.883][IMerchantsResult.DB.php:61] MSG: IMerchantsResult_DB::getCompanyDetail: func end
[2022-01-18 20:21:58.819.07][IMerchantsResult.DB.php:601] MSG: IMerchantsResult_DB::getGroupDetail: func begin
[2022-01-18 20:21:58.821.341][IMerchantsResult.DB.php:610] MSG: IMerchantsResult_DB::getGroupDetail: [actual cnt sql]=select count(*) as count from dtm_group [num]=5
[2022-01-18 20:21:58.821.615][IMerchantsResult.DB.php:622] MSG: IMerchantsResult_DB::getGroupDetail: [sql]=select id, name, company_id,status from dtm_group  limit 0, 20
[2022-01-18 20:21:58.822.398][IMerchantsResult.DB.php:633] MSG: IMerchantsResult_DB::getGroupDetail: func end
[2022-01-18 20:21:58.822.59][IMerchantsResult.DB.php:821] MSG: IMerchantsResult_DB::getStationName: func begin
[2022-01-18 20:21:58.822.76][IMerchantsResult.DB.php:829] MSG: IMerchantsResult_DB::getStationName: [sql]=select id, name,company_id,group_id from dtm_station 
[2022-01-18 20:21:58.823.665][IMerchantsResult.DB.php:841] MSG: IMerchantsResult_DB::getStationName: func end
[2022-01-18 20:21:58.823.91][IMerchantsResult.DB.php:405] MSG: IMerchantsResult_DB::getPtype: func begin
[2022-01-18 20:21:58.824.101][IMerchantsResult.DB.php:414] MSG: IMerchantsResult_DB::getPtype: [sql]=select id, name from dtm_ptype 
[2022-01-18 20:21:58.825.173][IMerchantsResult.DB.php:425] MSG: IMerchantsResult_DB::getPtype: func end
[2022-01-18 20:21:58.825.402][IMerchantsResult.DB.php:457] MSG: IMerchantsResult_DB::getDtype: func begin
[2022-01-18 20:21:58.825.645][IMerchantsResult.DB.php:466] MSG: IMerchantsResult_DB::getDtype: [sql]=select id, name from dtm_dtype 
[2022-01-18 20:21:58.826.613][IMerchantsResult.DB.php:477] MSG: IMerchantsResult_DB::getDtype: func end
