<!--start:zhaojl-->
	zhaojl|0|0|0
<!--end:zhaojl-->
<!--start:mash-->
	mash|0|0|0
<!--end:mash-->
<!--start:sysadmin-->
	sysadmin|0|0|0
<!--end:sysadmin-->
<!--start:lity-->
	lity|0|0|0
<!--end:lity-->
<!--start:lity2-->
	lity2|0|0|0
<!--end:lity2-->
<!--start:lity3-->
	lity3|0|0|0
<!--end:lity3-->
<!--start:xitong-->
	xitong|0|0|0
<!--end:xitong-->
<!--start:shenji-->
	shenji|0|0|0
<!--end:shenji-->
<!--start:anquan-->
	anquan|0|0|0
<!--end:anquan-->
<!--start:test-->
	test|2017-06-13 10:44:50|5|2017-06-13 11:15:01
<!--end:test-->
<!--start:LHYY-->
	LHYY|0|0|0
<!--end:LHYY-->
<!--start:admin-->
	admin|0|0|0
<!--end:admin-->
<!--start:stadminaxitech-->
	stadminaxitech|0|0|0
<!--end:stadminaxitech-->
<!--start:SuperAdmin-->
	SuperAdmin|0|0|0
<!--end:SuperAdmin-->
<!--start:lugh-->
	lugh|0|0|0
<!--end:lugh-->
<!--start:shreegrp-->
	shreegrp|0|0|0
<!--end:shreegrp-->
<!--start:cadminaxitech-->
	cadminaxitech|0|0|0
<!--end:cadminaxitech-->
<!--start:shreesai-->
	shreesai|0|0|0
<!--end:shreesai-->
<!--start:shreestation-->
	shreestation|0|0|0
<!--end:shreestation-->
<!--start:gadminaxitech-->
	gadminaxitech|0|0|0
<!--end:gadminaxitech-->
<!--start:test12-->
	test12|0|0|0
<!--end:test12-->
<!--start:gadminaxitech2-->
	gadminaxitech2|0|0|0
<!--end:gadminaxitech2-->
<!--start:irmgroupadmin-->
	irmgroupadmin|0|0|0
<!--end:irmgroupadmin-->
<!--start:gadminaxitechadani-->
	gadminaxitechadani|0|0|0
<!--end:gadminaxitechadani-->
<!--start:stadminaxiadajiv-->
	stadminaxiadajiv|0|0|0
<!--end:stadminaxiadajiv-->
<!--start:stadminaxiadajamal-->
	stadminaxiadajamal|0|0|0
<!--end:stadminaxiadajamal-->
<!--start:gadminaxitechirm-->
	gadminaxitechirm|0|0|0
<!--end:gadminaxitechirm-->
<!--start:stadminaxiadanimem-->
	stadminaxiadanimem|0|0|0
<!--end:stadminaxiadanimem-->
<!--start:cshreeadmin-->
	cshreeadmin|0|0|0
<!--end:cshreeadmin-->
<!--start:gshreegasorex-->
	gshreegasorex|0|0|0
<!--end:gshreegasorex-->
<!--start:stshreegastest-->
	stshreegastest|0|0|0
<!--end:stshreegastest-->