|zhaojl|76e01ec53cbb6b5a4377d0026783ec38
|admin|phqcj8qnd17gam1cmi8fauat08
|mash|6142678283a971d0c31923a987fc08b5
|sysadmin|cc74271ff6356f257855f9ecd16a55be
|lity|8b502c60a33294a0b09d33c33db9e8e5
|lity2|8b502c60a33294a0b09d33c33db9e8e5
|lity3|lpj1mebom30d8eptutsta7aojp
|xitong|2n2fr85buvcu3qjtnedpt8tkd3
|shenji|0bd39ce5e321fcb91b33735e59dbd007
|anquan|cc6b3f82e2ce1f9c7da164e57f7b3d7c
|test|daipgiiirbctfbdkj9d95abhi0
|LHYY|18jb51j9dmef452v5qi9nq5dr6
|stadminaxitech|crtefksrgt42i9qq22r3eh8s5b
|SuperAdmin|am3dpa0kpnhoav43qu04ffe11h
|lugh|6grfhhjd4bi9dgjg5liulmqgr6
|shreegrp|5jel30qkduh7sqojelst22b3vt
|cadminaxitech|8koecevpuv4i5m6fq0ok7n147b
|shreesai|5jel30qkduh7sqojelst22b3vt
|shreestation|6grfhhjd4bi9dgjg5liulmqgr6
|gadminaxitech|3j9sfdaca77shhk2gokjk2ektk
|test12|6grfhhjd4bi9dgjg5liulmqgr6
|gadminaxitech2|6grfhhjd4bi9dgjg5liulmqgr6
|irmgroupadmin|3j9sfdaca77shhk2gokjk2ektk
|gadminaxitechadani|r4tfbrn35gpqqn5g000tg0aq8e
|stadminaxiadajiv|938p8vr0fukub1ldp8i1m3k9f2
|stadminaxiadajamal|938p8vr0fukub1ldp8i1m3k9f2
|gadminaxitechirm|85mtria31ht3fise2c0350cotv
|stadminaxiadanimem|3dtois815usgth3fd1pnv49ff0
|cshreeadmin|989o6ri3hu52rr7ab05sg00bd4
|gshreegasorex|85mtria31ht3fise2c0350cotv
|stshreegastest|r4tfbrn35gpqqn5g000tg0aq8e